<?xml version="1.0" encoding="UTF-8"?>
<testng-results ignored="0" total="1" passed="1" failed="0" skipped="0">
  <reporter-output>
  </reporter-output>
  <suite started-at="2022-08-16T18:39:04 IST" name="Default suite" finished-at="2022-08-16T18:39:12 IST" duration-ms="7956">
    <groups>
    </groups>
    <test started-at="2022-08-16T18:39:04 IST" name="Default test" finished-at="2022-08-16T18:39:12 IST" duration-ms="7956">
      <class name="practice.JenkinsTest">
        <test-method signature="JenkinsTest()[pri:0, instance:practice.JenkinsTest@429bffaa]" started-at="2022-08-16T18:39:04 IST" name="JenkinsTest" finished-at="2022-08-16T18:39:12 IST" duration-ms="7914" status="PASS">
          <reporter-output>
          </reporter-output>
        </test-method> <!-- JenkinsTest -->
      </class> <!-- practice.JenkinsTest -->
    </test> <!-- Default test -->
  </suite> <!-- Default suite -->
</testng-results>
